<?xml version="1.0" encoding="UTF-8"?>
<testsuite xmlns:xsi="http://www.w3.org/2001/XMLSchema-instance" xsi:noNamespaceSchemaLocation="https://maven.apache.org/surefire/maven-surefire-plugin/xsd/surefire-test-report.xsd" name="com.uniformes.iptienda.AppTest" time="0.015" tests="1" errors="0" skipped="0" failures="0">
  <properties>
    <property name="sun.desktop" value="windows"/>
    <property name="awt.toolkit" value="sun.awt.windows.WToolkit"/>
    <property name="file.encoding.pkg" value="sun.io"/>
    <property name="java.specification.version" value="1.8"/>
    <property name="sun.cpu.isalist" value="amd64"/>
    <property name="sun.jnu.encoding" value="Cp1252"/>
    <property name="java.class.path" value="E:\Users\kortizl\Documents\workspace-sts-3.9.6.RELEASE\uniformes baz procesos\SRVProcesoUniformesBAZ\SRVIPTiendas\target\test-classes;E:\Users\kortizl\Documents\workspace-sts-3.9.6.RELEASE\uniformes baz procesos\SRVProcesoUniformesBAZ\SRVIPTiendas\target\classes;E:\Users\kortizl\.m2\repository\org\springframework\boot\spring-boot-starter-web\2.1.0.RELEASE\spring-boot-starter-web-2.1.0.RELEASE.jar;E:\Users\kortizl\.m2\repository\org\springframework\boot\spring-boot-starter\2.1.0.RELEASE\spring-boot-starter-2.1.0.RELEASE.jar;E:\Users\kortizl\.m2\repository\org\springframework\boot\spring-boot\2.1.0.RELEASE\spring-boot-2.1.0.RELEASE.jar;E:\Users\kortizl\.m2\repository\org\springframework\boot\spring-boot-autoconfigure\2.1.0.RELEASE\spring-boot-autoconfigure-2.1.0.RELEASE.jar;E:\Users\kortizl\.m2\repository\org\springframework\boot\spring-boot-starter-logging\2.1.0.RELEASE\spring-boot-starter-logging-2.1.0.RELEASE.jar;E:\Users\kortizl\.m2\repository\ch\qos\logback\logback-classic\1.2.3\logback-classic-1.2.3.jar;E:\Users\kortizl\.m2\repository\ch\qos\logback\logback-core\1.2.3\logback-core-1.2.3.jar;E:\Users\kortizl\.m2\repository\org\apache\logging\log4j\log4j-to-slf4j\2.11.1\log4j-to-slf4j-2.11.1.jar;E:\Users\kortizl\.m2\repository\org\apache\logging\log4j\log4j-api\2.11.1\log4j-api-2.11.1.jar;E:\Users\kortizl\.m2\repository\org\slf4j\jul-to-slf4j\1.7.25\jul-to-slf4j-1.7.25.jar;E:\Users\kortizl\.m2\repository\javax\annotation\javax.annotation-api\1.3.2\javax.annotation-api-1.3.2.jar;E:\Users\kortizl\.m2\repository\org\yaml\snakeyaml\1.23\snakeyaml-1.23.jar;E:\Users\kortizl\.m2\repository\org\springframework\boot\spring-boot-starter-json\2.1.0.RELEASE\spring-boot-starter-json-2.1.0.RELEASE.jar;E:\Users\kortizl\.m2\repository\com\fasterxml\jackson\core\jackson-databind\2.9.7\jackson-databind-2.9.7.jar;E:\Users\kortizl\.m2\repository\com\fasterxml\jackson\core\jackson-annotations\2.9.0\jackson-annotations-2.9.0.jar;E:\Users\kortizl\.m2\repository\com\fasterxml\jackson\core\jackson-core\2.9.7\jackson-core-2.9.7.jar;E:\Users\kortizl\.m2\repository\com\fasterxml\jackson\datatype\jackson-datatype-jdk8\2.9.7\jackson-datatype-jdk8-2.9.7.jar;E:\Users\kortizl\.m2\repository\com\fasterxml\jackson\datatype\jackson-datatype-jsr310\2.9.7\jackson-datatype-jsr310-2.9.7.jar;E:\Users\kortizl\.m2\repository\com\fasterxml\jackson\module\jackson-module-parameter-names\2.9.7\jackson-module-parameter-names-2.9.7.jar;E:\Users\kortizl\.m2\repository\org\hibernate\validator\hibernate-validator\6.0.13.Final\hibernate-validator-6.0.13.Final.jar;E:\Users\kortizl\.m2\repository\javax\validation\validation-api\2.0.1.Final\validation-api-2.0.1.Final.jar;E:\Users\kortizl\.m2\repository\org\jboss\logging\jboss-logging\3.3.2.Final\jboss-logging-3.3.2.Final.jar;E:\Users\kortizl\.m2\repository\com\fasterxml\classmate\1.4.0\classmate-1.4.0.jar;E:\Users\kortizl\.m2\repository\org\springframework\spring-web\5.1.2.RELEASE\spring-web-5.1.2.RELEASE.jar;E:\Users\kortizl\.m2\repository\org\springframework\spring-beans\5.1.2.RELEASE\spring-beans-5.1.2.RELEASE.jar;E:\Users\kortizl\.m2\repository\org\springframework\spring-webmvc\5.1.2.RELEASE\spring-webmvc-5.1.2.RELEASE.jar;E:\Users\kortizl\.m2\repository\org\springframework\spring-aop\5.1.2.RELEASE\spring-aop-5.1.2.RELEASE.jar;E:\Users\kortizl\.m2\repository\org\springframework\spring-context\5.1.2.RELEASE\spring-context-5.1.2.RELEASE.jar;E:\Users\kortizl\.m2\repository\org\springframework\spring-expression\5.1.2.RELEASE\spring-expression-5.1.2.RELEASE.jar;E:\Users\kortizl\.m2\repository\org\springframework\boot\spring-boot-starter-quartz\2.1.0.RELEASE\spring-boot-starter-quartz-2.1.0.RELEASE.jar;E:\Users\kortizl\.m2\repository\org\springframework\spring-context-support\5.1.2.RELEASE\spring-context-support-5.1.2.RELEASE.jar;E:\Users\kortizl\.m2\repository\org\springframework\spring-tx\5.1.2.RELEASE\spring-tx-5.1.2.RELEASE.jar;E:\Users\kortizl\.m2\repository\org\quartz-scheduler\quartz\2.3.0\quartz-2.3.0.jar;E:\Users\kortizl\.m2\repository\com\mchange\mchange-commons-java\0.2.11\mchange-commons-java-0.2.11.jar;E:\Users\kortizl\.m2\repository\org\slf4j\slf4j-api\1.7.25\slf4j-api-1.7.25.jar;E:\Users\kortizl\.m2\repository\org\springframework\boot\spring-boot-starter-test\2.1.0.RELEASE\spring-boot-starter-test-2.1.0.RELEASE.jar;E:\Users\kortizl\.m2\repository\org\springframework\boot\spring-boot-test\2.1.0.RELEASE\spring-boot-test-2.1.0.RELEASE.jar;E:\Users\kortizl\.m2\repository\org\springframework\boot\spring-boot-test-autoconfigure\2.1.0.RELEASE\spring-boot-test-autoconfigure-2.1.0.RELEASE.jar;E:\Users\kortizl\.m2\repository\com\jayway\jsonpath\json-path\2.4.0\json-path-2.4.0.jar;E:\Users\kortizl\.m2\repository\net\minidev\json-smart\2.3\json-smart-2.3.jar;E:\Users\kortizl\.m2\repository\net\minidev\accessors-smart\1.2\accessors-smart-1.2.jar;E:\Users\kortizl\.m2\repository\org\ow2\asm\asm\5.0.4\asm-5.0.4.jar;E:\Users\kortizl\.m2\repository\org\assertj\assertj-core\3.11.1\assertj-core-3.11.1.jar;E:\Users\kortizl\.m2\repository\org\mockito\mockito-core\2.23.0\mockito-core-2.23.0.jar;E:\Users\kortizl\.m2\repository\net\bytebuddy\byte-buddy\1.9.3\byte-buddy-1.9.3.jar;E:\Users\kortizl\.m2\repository\net\bytebuddy\byte-buddy-agent\1.9.3\byte-buddy-agent-1.9.3.jar;E:\Users\kortizl\.m2\repository\org\objenesis\objenesis\2.6\objenesis-2.6.jar;E:\Users\kortizl\.m2\repository\org\hamcrest\hamcrest-core\1.3\hamcrest-core-1.3.jar;E:\Users\kortizl\.m2\repository\org\hamcrest\hamcrest-library\1.3\hamcrest-library-1.3.jar;E:\Users\kortizl\.m2\repository\org\skyscreamer\jsonassert\1.5.0\jsonassert-1.5.0.jar;E:\Users\kortizl\.m2\repository\com\vaadin\external\google\android-json\0.0.20131108.vaadin1\android-json-0.0.20131108.vaadin1.jar;E:\Users\kortizl\.m2\repository\org\springframework\spring-core\5.1.2.RELEASE\spring-core-5.1.2.RELEASE.jar;E:\Users\kortizl\.m2\repository\org\springframework\spring-jcl\5.1.2.RELEASE\spring-jcl-5.1.2.RELEASE.jar;E:\Users\kortizl\.m2\repository\org\springframework\spring-test\5.1.2.RELEASE\spring-test-5.1.2.RELEASE.jar;E:\Users\kortizl\.m2\repository\org\xmlunit\xmlunit-core\2.6.2\xmlunit-core-2.6.2.jar;E:\Users\kortizl\.m2\repository\com\oracle\ojdbc6\11.2.0\ojdbc6-11.2.0.jar;E:\Users\kortizl\.m2\repository\junit\junit\4.12\junit-4.12.jar;E:\Users\kortizl\.m2\repository\javax\servlet\javax.servlet-api\4.0.1\javax.servlet-api-4.0.1.jar;"/>
    <property name="java.vm.vendor" value="Oracle Corporation"/>
    <property name="sun.arch.data.model" value="64"/>
    <property name="user.variant" value=""/>
    <property name="java.vendor.url" value="http://java.oracle.com/"/>
    <property name="user.timezone" value="America/Mexico_City"/>
    <property name="java.vm.specification.version" value="1.8"/>
    <property name="os.name" value="Windows 10"/>
    <property name="sun.java.launcher" value="SUN_STANDARD"/>
    <property name="user.country" value="MX"/>
    <property name="sun.boot.library.path" value="C:\Program Files\Java\jdk1.8.0_181\jre\bin"/>
    <property name="sun.java.command" value="E:\Users\kortizl\AppData\Local\Temp\surefire4500178474401638307\surefirebooter5501685525486519210.jar E:\Users\kortizl\AppData\Local\Temp\surefire4500178474401638307 2018-11-26T17-42-56_788-jvmRun1 surefire956956643269142068tmp surefire_03405046323440839255tmp"/>
    <property name="surefire.test.class.path" value="E:\Users\kortizl\Documents\workspace-sts-3.9.6.RELEASE\uniformes baz procesos\SRVProcesoUniformesBAZ\SRVIPTiendas\target\test-classes;E:\Users\kortizl\Documents\workspace-sts-3.9.6.RELEASE\uniformes baz procesos\SRVProcesoUniformesBAZ\SRVIPTiendas\target\classes;E:\Users\kortizl\.m2\repository\org\springframework\boot\spring-boot-starter-web\2.1.0.RELEASE\spring-boot-starter-web-2.1.0.RELEASE.jar;E:\Users\kortizl\.m2\repository\org\springframework\boot\spring-boot-starter\2.1.0.RELEASE\spring-boot-starter-2.1.0.RELEASE.jar;E:\Users\kortizl\.m2\repository\org\springframework\boot\spring-boot\2.1.0.RELEASE\spring-boot-2.1.0.RELEASE.jar;E:\Users\kortizl\.m2\repository\org\springframework\boot\spring-boot-autoconfigure\2.1.0.RELEASE\spring-boot-autoconfigure-2.1.0.RELEASE.jar;E:\Users\kortizl\.m2\repository\org\springframework\boot\spring-boot-starter-logging\2.1.0.RELEASE\spring-boot-starter-logging-2.1.0.RELEASE.jar;E:\Users\kortizl\.m2\repository\ch\qos\logback\logback-classic\1.2.3\logback-classic-1.2.3.jar;E:\Users\kortizl\.m2\repository\ch\qos\logback\logback-core\1.2.3\logback-core-1.2.3.jar;E:\Users\kortizl\.m2\repository\org\apache\logging\log4j\log4j-to-slf4j\2.11.1\log4j-to-slf4j-2.11.1.jar;E:\Users\kortizl\.m2\repository\org\apache\logging\log4j\log4j-api\2.11.1\log4j-api-2.11.1.jar;E:\Users\kortizl\.m2\repository\org\slf4j\jul-to-slf4j\1.7.25\jul-to-slf4j-1.7.25.jar;E:\Users\kortizl\.m2\repository\javax\annotation\javax.annotation-api\1.3.2\javax.annotation-api-1.3.2.jar;E:\Users\kortizl\.m2\repository\org\yaml\snakeyaml\1.23\snakeyaml-1.23.jar;E:\Users\kortizl\.m2\repository\org\springframework\boot\spring-boot-starter-json\2.1.0.RELEASE\spring-boot-starter-json-2.1.0.RELEASE.jar;E:\Users\kortizl\.m2\repository\com\fasterxml\jackson\core\jackson-databind\2.9.7\jackson-databind-2.9.7.jar;E:\Users\kortizl\.m2\repository\com\fasterxml\jackson\core\jackson-annotations\2.9.0\jackson-annotations-2.9.0.jar;E:\Users\kortizl\.m2\repository\com\fasterxml\jackson\core\jackson-core\2.9.7\jackson-core-2.9.7.jar;E:\Users\kortizl\.m2\repository\com\fasterxml\jackson\datatype\jackson-datatype-jdk8\2.9.7\jackson-datatype-jdk8-2.9.7.jar;E:\Users\kortizl\.m2\repository\com\fasterxml\jackson\datatype\jackson-datatype-jsr310\2.9.7\jackson-datatype-jsr310-2.9.7.jar;E:\Users\kortizl\.m2\repository\com\fasterxml\jackson\module\jackson-module-parameter-names\2.9.7\jackson-module-parameter-names-2.9.7.jar;E:\Users\kortizl\.m2\repository\org\hibernate\validator\hibernate-validator\6.0.13.Final\hibernate-validator-6.0.13.Final.jar;E:\Users\kortizl\.m2\repository\javax\validation\validation-api\2.0.1.Final\validation-api-2.0.1.Final.jar;E:\Users\kortizl\.m2\repository\org\jboss\logging\jboss-logging\3.3.2.Final\jboss-logging-3.3.2.Final.jar;E:\Users\kortizl\.m2\repository\com\fasterxml\classmate\1.4.0\classmate-1.4.0.jar;E:\Users\kortizl\.m2\repository\org\springframework\spring-web\5.1.2.RELEASE\spring-web-5.1.2.RELEASE.jar;E:\Users\kortizl\.m2\repository\org\springframework\spring-beans\5.1.2.RELEASE\spring-beans-5.1.2.RELEASE.jar;E:\Users\kortizl\.m2\repository\org\springframework\spring-webmvc\5.1.2.RELEASE\spring-webmvc-5.1.2.RELEASE.jar;E:\Users\kortizl\.m2\repository\org\springframework\spring-aop\5.1.2.RELEASE\spring-aop-5.1.2.RELEASE.jar;E:\Users\kortizl\.m2\repository\org\springframework\spring-context\5.1.2.RELEASE\spring-context-5.1.2.RELEASE.jar;E:\Users\kortizl\.m2\repository\org\springframework\spring-expression\5.1.2.RELEASE\spring-expression-5.1.2.RELEASE.jar;E:\Users\kortizl\.m2\repository\org\springframework\boot\spring-boot-starter-quartz\2.1.0.RELEASE\spring-boot-starter-quartz-2.1.0.RELEASE.jar;E:\Users\kortizl\.m2\repository\org\springframework\spring-context-support\5.1.2.RELEASE\spring-context-support-5.1.2.RELEASE.jar;E:\Users\kortizl\.m2\repository\org\springframework\spring-tx\5.1.2.RELEASE\spring-tx-5.1.2.RELEASE.jar;E:\Users\kortizl\.m2\repository\org\quartz-scheduler\quartz\2.3.0\quartz-2.3.0.jar;E:\Users\kortizl\.m2\repository\com\mchange\mchange-commons-java\0.2.11\mchange-commons-java-0.2.11.jar;E:\Users\kortizl\.m2\repository\org\slf4j\slf4j-api\1.7.25\slf4j-api-1.7.25.jar;E:\Users\kortizl\.m2\repository\org\springframework\boot\spring-boot-starter-test\2.1.0.RELEASE\spring-boot-starter-test-2.1.0.RELEASE.jar;E:\Users\kortizl\.m2\repository\org\springframework\boot\spring-boot-test\2.1.0.RELEASE\spring-boot-test-2.1.0.RELEASE.jar;E:\Users\kortizl\.m2\repository\org\springframework\boot\spring-boot-test-autoconfigure\2.1.0.RELEASE\spring-boot-test-autoconfigure-2.1.0.RELEASE.jar;E:\Users\kortizl\.m2\repository\com\jayway\jsonpath\json-path\2.4.0\json-path-2.4.0.jar;E:\Users\kortizl\.m2\repository\net\minidev\json-smart\2.3\json-smart-2.3.jar;E:\Users\kortizl\.m2\repository\net\minidev\accessors-smart\1.2\accessors-smart-1.2.jar;E:\Users\kortizl\.m2\repository\org\ow2\asm\asm\5.0.4\asm-5.0.4.jar;E:\Users\kortizl\.m2\repository\org\assertj\assertj-core\3.11.1\assertj-core-3.11.1.jar;E:\Users\kortizl\.m2\repository\org\mockito\mockito-core\2.23.0\mockito-core-2.23.0.jar;E:\Users\kortizl\.m2\repository\net\bytebuddy\byte-buddy\1.9.3\byte-buddy-1.9.3.jar;E:\Users\kortizl\.m2\repository\net\bytebuddy\byte-buddy-agent\1.9.3\byte-buddy-agent-1.9.3.jar;E:\Users\kortizl\.m2\repository\org\objenesis\objenesis\2.6\objenesis-2.6.jar;E:\Users\kortizl\.m2\repository\org\hamcrest\hamcrest-core\1.3\hamcrest-core-1.3.jar;E:\Users\kortizl\.m2\repository\org\hamcrest\hamcrest-library\1.3\hamcrest-library-1.3.jar;E:\Users\kortizl\.m2\repository\org\skyscreamer\jsonassert\1.5.0\jsonassert-1.5.0.jar;E:\Users\kortizl\.m2\repository\com\vaadin\external\google\android-json\0.0.20131108.vaadin1\android-json-0.0.20131108.vaadin1.jar;E:\Users\kortizl\.m2\repository\org\springframework\spring-core\5.1.2.RELEASE\spring-core-5.1.2.RELEASE.jar;E:\Users\kortizl\.m2\repository\org\springframework\spring-jcl\5.1.2.RELEASE\spring-jcl-5.1.2.RELEASE.jar;E:\Users\kortizl\.m2\repository\org\springframework\spring-test\5.1.2.RELEASE\spring-test-5.1.2.RELEASE.jar;E:\Users\kortizl\.m2\repository\org\xmlunit\xmlunit-core\2.6.2\xmlunit-core-2.6.2.jar;E:\Users\kortizl\.m2\repository\com\oracle\ojdbc6\11.2.0\ojdbc6-11.2.0.jar;E:\Users\kortizl\.m2\repository\junit\junit\4.12\junit-4.12.jar;E:\Users\kortizl\.m2\repository\javax\servlet\javax.servlet-api\4.0.1\javax.servlet-api-4.0.1.jar;"/>
    <property name="sun.cpu.endian" value="little"/>
    <property name="user.home" value="E:\Users\kortizl"/>
    <property name="user.language" value="es"/>
    <property name="java.specification.vendor" value="Oracle Corporation"/>
    <property name="java.home" value="C:\Program Files\Java\jdk1.8.0_181\jre"/>
    <property name="basedir" value="E:\Users\kortizl\Documents\workspace-sts-3.9.6.RELEASE\uniformes baz procesos\SRVProcesoUniformesBAZ\SRVIPTiendas"/>
    <property name="file.separator" value="\"/>
    <property name="line.separator" value="&#10;"/>
    <property name="java.vm.specification.vendor" value="Oracle Corporation"/>
    <property name="java.specification.name" value="Java Platform API Specification"/>
    <property name="java.awt.graphicsenv" value="sun.awt.Win32GraphicsEnvironment"/>
    <property name="surefire.real.class.path" value="E:\Users\kortizl\AppData\Local\Temp\surefire4500178474401638307\surefirebooter5501685525486519210.jar"/>
    <property name="sun.boot.class.path" value="C:\Program Files\Java\jdk1.8.0_181\jre\lib\resources.jar;C:\Program Files\Java\jdk1.8.0_181\jre\lib\rt.jar;C:\Program Files\Java\jdk1.8.0_181\jre\lib\sunrsasign.jar;C:\Program Files\Java\jdk1.8.0_181\jre\lib\jsse.jar;C:\Program Files\Java\jdk1.8.0_181\jre\lib\jce.jar;C:\Program Files\Java\jdk1.8.0_181\jre\lib\charsets.jar;C:\Program Files\Java\jdk1.8.0_181\jre\lib\jfr.jar;C:\Program Files\Java\jdk1.8.0_181\jre\classes"/>
    <property name="user.script" value=""/>
    <property name="sun.management.compiler" value="HotSpot 64-Bit Tiered Compilers"/>
    <property name="java.runtime.version" value="1.8.0_181-b13"/>
    <property name="user.name" value="kortizl"/>
    <property name="path.separator" value=";"/>
    <property name="os.version" value="10.0"/>
    <property name="java.endorsed.dirs" value="C:\Program Files\Java\jdk1.8.0_181\jre\lib\endorsed"/>
    <property name="java.runtime.name" value="Java(TM) SE Runtime Environment"/>
    <property name="file.encoding" value="UTF-8"/>
    <property name="java.vm.name" value="Java HotSpot(TM) 64-Bit Server VM"/>
    <property name="maven.ext.class.path" value="E:\Users\kortizl\Downloads\incubating-netbeans-java-9.0-bin\netbeans\java\maven-nblib\netbeans-eventspy.jar"/>
    <property name="localRepository" value="E:\Users\kortizl\.m2\repository"/>
    <property name="java.vendor.url.bug" value="http://bugreport.sun.com/bugreport/"/>
    <property name="java.io.tmpdir" value="E:\Users\kortizl\AppData\Local\Temp\"/>
    <property name="java.version" value="1.8.0_181"/>
    <property name="user.dir" value="E:\Users\kortizl\Documents\workspace-sts-3.9.6.RELEASE\uniformes baz procesos\SRVProcesoUniformesBAZ\SRVIPTiendas"/>
    <property name="os.arch" value="amd64"/>
    <property name="java.vm.specification.name" value="Java Virtual Machine Specification"/>
    <property name="java.awt.printerjob" value="sun.awt.windows.WPrinterJob"/>
    <property name="sun.os.patch.level" value=""/>
    <property name="java.library.path" value="C:\Program Files\Java\jdk1.8.0_181\jre\bin;C:\windows\Sun\Java\bin;C:\windows\system32;C:\windows;C:\Program Files\HP_Fortify\HP_Fortify_SCA_and_Apps_4.40\bin;C:\Program Files (x86)\IBM\RationalSDLC\common;E:\app\kortizl\product\11.2.0\client_1\bin;C:\Program Files (x86)\Common Files\Oracle\Java\javapath;C:\Program Files\Java\jdk1.8.0_181\jre\bin;C:\windows\system32;C:\windows;C:\windows\System32\Wbem;C:\windows\System32\WindowsPowerShell\v1.0\;C:\windows\System32\OpenSSH\;C:\Program Files (x86)\QuickTime\QTSystem\;C:\Program Files\Intel\WiFi\bin\;C:\Program Files\Common Files\Intel\WirelessCommon\;C:\Program Files (x86)\IBM\gsk8\lib;C:\Program Files (x86)\IBM\gsk8\bin;C:\Program Files (x86)\IBM\RationalSDLC\ClearCase\bin;C:\Program Files (x86)\IBM\RationalSDLC\ClearCase\RemoteClient\cteapis;C:\Program Files (x86)\Microsoft SQL Server\100\Tools\Binn\;C:\Program Files\Microsoft SQL Server\100\Tools\Binn\;C:\Program Files\Microsoft SQL Server\100\DTS\Binn\;C:\Program Files\nodejs\;C:\Program Files\Git\cmd;E:\Users\kortizl\AppData\Local\Microsoft\WindowsApps;C:\Program Files (x86)\SSH Communications Security\SSH Secure Shell;E:\Users\kortizl\AppData\Local\GitHubDesktop\bin;E:\Users\kortizl\AppData\Roaming\npm;E:\Users\kortizl\AppData\Local\Programs\Microsoft VS Code\bin;."/>
    <property name="java.vm.info" value="mixed mode"/>
    <property name="java.vendor" value="Oracle Corporation"/>
    <property name="java.vm.version" value="25.181-b13"/>
    <property name="java.ext.dirs" value="C:\Program Files\Java\jdk1.8.0_181\jre\lib\ext;C:\windows\Sun\Java\lib\ext"/>
    <property name="sun.io.unicode.encoding" value="UnicodeLittle"/>
    <property name="java.class.version" value="52.0"/>
  </properties>
  <testcase name="testApp" classname="com.uniformes.iptienda.AppTest" time="0"/>
</testsuite>